IRAF rvsao.sumspec 2.7.9 mink@gabrielle  03-Jun-2011 17:48
ADDSPEC  03-Jun-2011 17:48 making qsohw2010.lin.fits
ADDSPEC 1: qsohw2010.fits added
IRAF rvsao.sumspec 2.7.9 mink@gabrielle  03-Jun-2011 17:51
ADDSPEC  03-Jun-2011 17:51 making qsohw2010.lin25.fits
ADDSPEC 1: qsohw2010.fits added
IRAF rvsao.sumspec 2.7.9 mink@gabrielle  03-Jun-2011 18:15
ADDSPEC  03-Jun-2011 18:15 making qsohw2010.lin25c.fits
ADDSPEC 1: qsohw2010.fits added
IRAF rvsao.sumspec 2.7.9 mink@gabrielle  03-Jun-2011 18:16
ADDSPEC  03-Jun-2011 18:16 making qsohw2010.lin25c.fits
ADDSPEC 1: qsohw2010.lin.fits added
IRAF rvsao.sumspec 2.7.9 mink@gabrielle  03-Jun-2011 18:17
IRAF rvsao.sumspec 2.7.9 mink@gabrielle  03-Jun-2011 18:17
ADDSPEC  03-Jun-2011 18:17 making qsohw2010.lin25c.fits
ADDSPEC 1: qsohw2010.lin25.fits added
IRAF rvsao.sumspec 2.7.9 mink@gabrielle  03-Jun-2011 18:18
ADDSPEC  03-Jun-2011 18:19 making qsohw2010.lin25c.fits
ADDSPEC 1: qsohw2010.lin25.fits added
IRAF rvsao.sumspec 2.7.9 mink@gabrielle  03-Jun-2011 18:19
ADDSPEC  03-Jun-2011 18:20 making qsohw2010.lin25c.fits
ADDSPEC 1: qsohw2010.lin25.fits added
IRAF rvsao.sumspec 2.7.9 mink@gabrielle  03-Jun-2011 18:20
ADDSPEC  03-Jun-2011 18:20 making qsohw2010.lin25c.fits
ADDSPEC 1: qsohw2010.lin25.fits added
IRAF rvsao.sumspec 2.7.9 mink@gabrielle  03-Jun-2011 18:21
ADDSPEC  03-Jun-2011 18:21 making qsohw2010.lin25c.fits
ADDSPEC 1: qsohw2010.lin25.fits added
IRAF rvsao.sumspec 2.7.9 mink@gabrielle  03-Jun-2011 18:21
ADDSPEC  03-Jun-2011 18:21 making qsohw2010.lin25c.fits
ADDSPEC 1: qsohw2010.lin25.fits added
IRAF rvsao.sumspec 2.7.9 mink@gabrielle  03-Jun-2011 18:22
ADDSPEC  03-Jun-2011 18:22 making qsohw2010.lin25c.fits
ADDSPEC 1: qsohw2010.lin25.fits added
IRAF rvsao.sumspec 2.7.9 mink@gabrielle  03-Jun-2011 18:23
ADDSPEC  03-Jun-2011 18:23 making qsohw2010.lin25c.fits
ADDSPEC 1: qsohw2010.lin25.fits added
IRAF rvsao.sumspec 2.7.9 mink@gabrielle  03-Jun-2011 18:27
ADDSPEC  03-Jun-2011 18:27 making qsohw2010.linc.fits
ADDSPEC 1: qsohw2010.lin.fits added
IRAF rvsao.sumspec 2.7.9 mink@gabrielle  03-Jun-2011 18:27
ADDSPEC  03-Jun-2011 18:28 making qsohw2010.linc.fits
ADDSPEC 1: qsohw2010.lin.fits added
IRAF rvsao.sumspec 2.7.9 mink@gabrielle  03-Jun-2011 18:29
ADDSPEC  03-Jun-2011 18:29 making qsohw2010.linc.fits
ADDSPEC 1: qsohw2010.lin.fits added
IRAF rvsao.sumspec 2.7.9 mink@gabrielle  03-Jun-2011 18:29
ADDSPEC  03-Jun-2011 18:30 making qsohw2010.linc.fits
ADDSPEC 1: qsohw2010.lin.fits added
IRAF rvsao.sumspec 2.7.9 mink@gabrielle  03-Jun-2011 18:30
ADDSPEC  03-Jun-2011 18:31 making qsohw2010.linc.fits
ADDSPEC 1: qsohw2010.lin.fits added
IRAF rvsao.sumspec 2.7.9 mink@gabrielle  03-Jun-2011 18:32
ADDSPEC  03-Jun-2011 18:32 making qsohw2010.linc.fits
ADDSPEC 1: qsohw2010.lin.fits added
IRAF rvsao.sumspec 2.7.9 mink@gabrielle  03-Jun-2011 18:32
ADDSPEC  03-Jun-2011 18:33 making qsohw2010.linc.fits
ADDSPEC 1: qsohw2010.lin.fits added
IRAF rvsao.sumspec 2.7.9 mink@gabrielle  03-Jun-2011 18:33
ADDSPEC  03-Jun-2011 18:33 making qsohw2010.linc.fits
ADDSPEC 1: qsohw2010.lin.fits added
IRAF rvsao.sumspec 2.7.9 mink@gabrielle  03-Jun-2011 18:33
ADDSPEC  03-Jun-2011 18:35 making qsohw2010.linc.fits
ADDSPEC 1: qsohw2010.lin.fits added
IRAF rvsao.sumspec 2.7.9 mink@gabrielle  03-Jun-2011 18:35
IRAF rvsao.sumspec 2.7.9 mink@gabrielle  03-Jun-2011 18:36
ADDSPEC  03-Jun-2011 18:36 making qsohw2010.linc.fits
ADDSPEC 1: qsohw2010.lin.fits added
IRAF rvsao.sumspec 2.7.9 mink@gabrielle  03-Jun-2011 18:37
ADDSPEC  03-Jun-2011 18:37 making qsohw2010.linc.fits
ADDSPEC 1: qsohw2010.lin.fits added
IRAF rvsao.sumspec 2.7.9 mink@gabrielle  03-Jun-2011 18:38
IRAF rvsao.sumspec 2.7.9 mink@gabrielle  03-Jun-2011 18:40
ADDSPEC  03-Jun-2011 18:40 making qsohw2010.linc.fits
ADDSPEC 1: qsohw2010.lin.fits added
IRAF rvsao.sumspec 2.7.9 mink@gabrielle  03-Jun-2011 18:41
IRAF rvsao.sumspec 2.7.9 mink@gabrielle  03-Jun-2011 18:43
ADDSPEC  03-Jun-2011 18:43 making qsohw2010.linc.fits
ADDSPEC 1: qsohw2010.lin.fits added
